-------------------------------------------------------------------------------
Test set: com.example.GreetingResourceTest
-------------------------------------------------------------------------------
Tests run: 1, Failures: 1, Errors: 0, Skipped: 0, Time elapsed: 3.880 s <<< FAILURE! -- in com.example.GreetingResourceTest
com.example.GreetingResourceTest.testHelloEndpoint -- Time elapsed: 0.709 s <<< FAILURE!
java.lang.AssertionError: 
1 expectation failed.
Response body doesn't match expectation.
Expected: is "carrito"
  Actual: <!DOCTYPE html>
<html>
<head>
    <title>Carrito de Compras</title>
    <style>
        img {
            width: 250px;
            height: 155px;
            margin: 10px;
        }
        .producto {
            display: inline-block;
            text-align: center;
            margin: 20px;
        }
        #carrito {
            margin-top: 20px;
        }
    </style>
    <script>
        const selectedProducts = [];

        function addToCart(product, price, quantity) {
            const productInfo = `${product} Cantidad:${quantity} Precio:$${(price * quantity).toFixed(2)}`;
            selectedProducts.push(encodeURIComponent(productInfo));
            alert(productInfo + " ha sido agregado al carrito.");
        }

        function goToCart() {
            const queryString = selectedProducts.join(',');
            window.location.href = "/carrito/listado?productos=" + queryString;
        }
    </script>
</head>
<body>
    <h1>Bienvenido a tu Carrito de Compras</h1>
    <div>
        <div class="producto">
            <img src="/images/camera.jpg" alt="Cámara">
            <p>Cámara: $199.99</p>
            <input type="number" id="cantidadCamera" value="1" min="1">
            <button onclick="addToCart('Cámara', 199.99, document.getElementById('cantidadCamera').value)">Agregar al carrito</button>
        </div>
        <div class="producto">
            <img src="/images/external-hard-drive.jpg" alt="Disco Duro Externo">
            <p>Disco Duro Externo: $89.99</p>
            <input type="number" id="cantidadExternalHardDrive" value="1" min="1">
            <button onclick="addToCart('Disco Duro Externo', 89.99, document.getElementById('cantidadExternalHardDrive').value)">Agregar al carrito</button>
        </div>
        <div class="producto">
            <img src="/images/laptop.jpg" alt="Laptop">
            <p>Laptop: $899.99</p>
            <input type="number" id="cantidadLaptop" value="1" min="1">
            <button onclick="addToCart('Laptop', 899.99, document.getElementById('cantidadLaptop').value)">Agregar al carrito</button>
        </div>
        <div class="producto">
            <img src="/images/watch.jpg" alt="Reloj">
            <p>Reloj: $49.99</p>
            <input type="number" id="cantidadWatch" value="1" min="1">
            <button onclick="addToCart('Reloj', 49.99, document.getElementById('cantidadWatch').value)">Agregar al carrito</button>
        </div>
    </div>
    <div id="carrito">
        <button onclick="goToCart()">Ver Carrito</button>
    </div>
</body>
</html>


	at java.base/jdk.internal.reflect.DirectConstructorHandleAccessor.newInstance(DirectConstructorHandleAccessor.java:62)
	at java.base/java.lang.reflect.Constructor.newInstanceWithCaller(Constructor.java:502)
	at java.base/java.lang.reflect.Constructor.newInstance(Constructor.java:486)
	at org.codehaus.groovy.reflection.CachedConstructor.invoke(CachedConstructor.java:73)
	at org.codehaus.groovy.runtime.callsite.ConstructorSite$ConstructorSiteNoUnwrapNoCoerce.callConstructor(ConstructorSite.java:108)
	at org.codehaus.groovy.runtime.callsite.CallSiteArray.defaultCallConstructor(CallSiteArray.java:57)
	at org.codehaus.groovy.runtime.callsite.AbstractCallSite.callConstructor(AbstractCallSite.java:263)
	at org.codehaus.groovy.runtime.callsite.AbstractCallSite.callConstructor(AbstractCallSite.java:277)
	at io.restassured.internal.ResponseSpecificationImpl$HamcrestAssertionClosure.validate(ResponseSpecificationImpl.groovy:512)
	at io.restassured.internal.ResponseSpecificationImpl$HamcrestAssertionClosure$validate$1.call(Unknown Source)
	at io.restassured.internal.ResponseSpecificationImpl.validateResponseIfRequired(ResponseSpecificationImpl.groovy:696)
	at io.restassured.internal.ResponseSpecificationImpl.this$2$validateResponseIfRequired(ResponseSpecificationImpl.groovy)
	at java.base/jdk.internal.reflect.DirectMethodHandleAccessor.invoke(DirectMethodHandleAccessor.java:103)
	at java.base/java.lang.reflect.Method.invoke(Method.java:580)
	at org.codehaus.groovy.runtime.callsite.PlainObjectMetaMethodSite.doInvoke(PlainObjectMetaMethodSite.java:43)
	at org.codehaus.groovy.runtime.callsite.PogoMetaMethodSite$PogoCachedMethodSiteNoUnwrapNoCoerce.invoke(PogoMetaMethodSite.java:198)
	at org.codehaus.groovy.runtime.callsite.PogoMetaMethodSite.callCurrent(PogoMetaMethodSite.java:62)
	at org.codehaus.groovy.runtime.callsite.CallSiteArray.defaultCallCurrent(CallSiteArray.java:49)
	at org.codehaus.groovy.runtime.callsite.AbstractCallSite.callCurrent(AbstractCallSite.java:171)
	at org.codehaus.groovy.runtime.callsite.AbstractCallSite.callCurrent(AbstractCallSite.java:185)
	at io.restassured.internal.ResponseSpecificationImpl.body(ResponseSpecificationImpl.groovy:107)
	at io.restassured.internal.ValidatableResponseOptionsImpl.body(ValidatableResponseOptionsImpl.java:238)
	at com.example.GreetingResourceTest.testHelloEndpoint(GreetingResourceTest.java:17)
	at java.base/java.lang.reflect.Method.invoke(Method.java:580)
	at io.quarkus.test.junit.QuarkusTestExtension.runExtensionMethod(QuarkusTestExtension.java:973)
	at io.quarkus.test.junit.QuarkusTestExtension.interceptTestMethod(QuarkusTestExtension.java:823)
	at java.base/java.util.ArrayList.forEach(ArrayList.java:1596)
	at java.base/java.util.ArrayList.forEach(ArrayList.java:1596)

